2026-04-19 17:08:34,191 | INFO | 程序启动成功
2026-04-19 17:08:34,191 | INFO | 收件目录: D:\CodeProjects\settlement_etl\data\inbox
2026-04-19 17:08:34,191 | INFO | 发现文件数量: 1
2026-04-19 17:08:34,191 | INFO | 待处理文件: 016081183126_2026-04-13.xlsx
2026-04-19 17:08:34,395 | INFO | 使用解析器: CFFMCSettlementParser
2026-04-19 17:08:34,523 | ERROR | 解析失败: 016081183126_2026-04-13.xlsx, 错误: name 'parse_option_contract' is not defined
Traceback (most recent call last):
  File "D:\CodeProjects\settlement_etl\app\main.py", line 80, in main
    result = parser.parse(file)
  File "D:\CodeProjects\settlement_etl\app\parsers\cffmc_settlement_parser.py", line 47, in parse
    option_trades = self.parse_option_trades(file_path, account_id=account_id)
  File "D:\CodeProjects\settlement_etl\app\parsers\cffmc_settlement_parser.py", line 120, in parse_option_trades
    trade = self.build_option_trade_from_row(
        row,
        file_path.name,
        account_id=account_id,
    )
  File "D:\CodeProjects\settlement_etl\app\parsers\cffmc_settlement_parser.py", line 208, in build_option_trade_from_row
    underlying, option_type, strike_price = parse_option_contract(instrument_code)
                                            ^^^^^^^^^^^^^^^^^^^^^
NameError: name 'parse_option_contract' is not defined. Did you mean: 'self.parse_option_contract'?
2026-04-19 17:08:34,546 | INFO | 文件已移入错误目录: D:\CodeProjects\settlement_etl\data\error\016081183126_2026-04-13.xlsx
2026-04-19 17:17:25,803 | INFO | 程序启动成功
2026-04-19 17:17:25,804 | INFO | 收件目录: D:\CodeProjects\settlement_etl\data\inbox
2026-04-19 17:17:25,804 | INFO | 发现文件数量: 1
2026-04-19 17:17:25,804 | INFO | 待处理文件: 016081183126_2026-04-13.xlsx
2026-04-19 17:17:25,997 | INFO | 使用解析器: CFFMCSettlementParser
2026-04-19 17:17:26,159 | INFO | 解析完成: 016081183126_2026-04-13.xlsx
2026-04-19 17:17:26,160 | INFO | 成交记录数: 29
2026-04-19 17:17:26,160 | INFO | 持仓记录数: 1
2026-04-19 17:17:26,160 | INFO | 账户快照数: 1
2026-04-19 17:17:26,161 | INFO | 手续费校验 -> 期货: 183.05, 期权: 31.07, 行权: 1.58, 合计: 215.70, 日报: 215.7, 差额: 0.00, 是否匹配: True
2026-04-19 17:17:26,206 | INFO | 数据已写入数据库: 016081183126_2026-04-13.xlsx
2026-04-19 17:17:26,206 | INFO | 本次新增 -> 成交: 29, 持仓: 1, 账户: 1
2026-04-19 17:17:26,207 | INFO | 文件已归档: D:\CodeProjects\settlement_etl\data\archive\2026-04\016081183126_2026-04-13.xlsx
2026-04-19 20:37:55,458 | INFO | 程序启动成功
2026-04-19 20:37:55,458 | INFO | 收件目录: D:\CodeProjects\settlement_etl\data\inbox
2026-04-19 20:37:55,459 | INFO | 发现文件数量: 1
2026-04-19 20:37:55,459 | INFO | 待处理文件: 016081183126_2026-04-13.xlsx
2026-04-19 20:37:55,679 | INFO | 使用解析器: CFFMCSettlementParser
2026-04-19 20:37:55,935 | INFO | 解析完成: 016081183126_2026-04-13.xlsx
2026-04-19 20:37:55,935 | INFO | 成交记录数: 29
2026-04-19 20:37:55,936 | INFO | 持仓记录数: 19
2026-04-19 20:37:55,936 | INFO | 账户快照数: 1
2026-04-19 20:37:55,936 | INFO | 手续费校验 -> 期货: 183.05, 期权: 31.07, 行权: 1.58, 合计: 215.70, 日报: 215.7, 差额: 0.00, 是否匹配: True
2026-04-19 20:37:55,973 | INFO | 数据已写入数据库: 016081183126_2026-04-13.xlsx
2026-04-19 20:37:55,973 | INFO | 本次新增 -> 成交: 29, 持仓: 19, 账户: 1
2026-04-19 20:37:55,974 | INFO | 文件已归档: D:\CodeProjects\settlement_etl\data\archive\2026-04\016081183126_2026-04-13.xlsx
2026-04-19 21:12:08,729 | INFO | 程序启动成功
2026-04-19 21:12:08,730 | INFO | 收件目录: D:\CodeProjects\settlement_etl\data\inbox
2026-04-19 21:12:08,730 | INFO | 发现文件数量: 1
2026-04-19 21:12:08,730 | INFO | 待处理文件: 016081183126_2026-04-13.xlsx
2026-04-19 21:12:08,935 | INFO | 使用解析器: CFFMCSettlementParser
2026-04-19 21:12:09,196 | INFO | 解析完成: 016081183126_2026-04-13.xlsx
2026-04-19 21:12:09,196 | INFO | 成交记录数: 29
2026-04-19 21:12:09,196 | INFO | 持仓记录数: 18
2026-04-19 21:12:09,197 | INFO | 账户快照数: 1
2026-04-19 21:12:09,197 | INFO | 手续费校验 -> 期货: 183.05, 期权: 31.07, 行权: 1.58, 合计: 215.70, 日报: 215.7, 差额: 0.00, 是否匹配: True
2026-04-19 21:12:09,232 | INFO | 数据已写入数据库: 016081183126_2026-04-13.xlsx
2026-04-19 21:12:09,233 | INFO | 本次新增 -> 成交: 29, 持仓: 18, 账户: 1
2026-04-19 21:12:09,234 | INFO | 文件已归档: D:\CodeProjects\settlement_etl\data\archive\2026-04\016081183126_2026-04-13.xlsx
2026-04-19 22:41:02,289 | INFO | 程序启动成功
2026-04-19 22:41:02,289 | INFO | 收件目录: D:\CodeProjects\settlement_etl\data\inbox
2026-04-19 22:41:02,290 | INFO | 发现文件数量: 1
2026-04-19 22:41:02,290 | INFO | 待处理文件: 016081183126_2026-04-13.xlsx
2026-04-19 22:41:02,504 | INFO | 使用解析器: CFFMCSettlementParser
2026-04-19 22:41:02,768 | INFO | 解析完成: 016081183126_2026-04-13.xlsx
2026-04-19 22:41:02,768 | INFO | 成交记录数: 29
2026-04-19 22:41:02,769 | INFO | 持仓明细数: 23
2026-04-19 22:41:02,769 | INFO | 持仓快照数: 18
2026-04-19 22:41:02,769 | INFO | 账户快照数: 1
2026-04-19 22:41:02,769 | INFO | 手续费校验 -> 期货: 183.05, 期权: 31.07, 行权: 1.58, 合计: 215.70, 日报: 215.7, 差额: 0.00, 是否匹配: True
2026-04-19 22:41:02,817 | INFO | 数据已写入数据库: 016081183126_2026-04-13.xlsx
2026-04-19 22:41:02,817 | INFO | 本次新增 -> 成交: 29, 持仓明细: 23, 持仓快照: 18, 账户: 1
2026-04-19 22:41:02,818 | INFO | 文件已归档: D:\CodeProjects\settlement_etl\data\archive\2026-04\016081183126_2026-04-13.xlsx
2026-04-19 22:56:20,716 | INFO | 程序启动成功
2026-04-19 22:56:20,717 | INFO | 收件目录: D:\CodeProjects\settlement_etl\data\inbox
2026-04-19 22:56:20,717 | INFO | 发现文件数量: 1
2026-04-19 22:56:20,717 | INFO | 待处理文件: 016081183126_2026-04-13.xlsx
2026-04-19 22:56:20,921 | INFO | 使用解析器: CFFMCSettlementParser
2026-04-19 22:56:21,172 | INFO | 解析完成: 016081183126_2026-04-13.xlsx
2026-04-19 22:56:21,172 | INFO | 成交记录数: 29
2026-04-19 22:56:21,172 | INFO | 持仓明细数: 23
2026-04-19 22:56:21,172 | INFO | 持仓快照数: 18
2026-04-19 22:56:21,172 | INFO | 账户快照数: 1
2026-04-19 22:56:21,173 | INFO | 手续费校验 -> 期货: 183.05, 期权: 31.07, 行权: 1.58, 合计: 215.70, 日报: 215.7, 差额: 0.00, 是否匹配: True
2026-04-19 22:56:21,224 | INFO | 数据已写入数据库: 016081183126_2026-04-13.xlsx
2026-04-19 22:56:21,224 | INFO | 本次新增 -> 成交: 29, 持仓明细: 23, 持仓快照: 18, 账户: 1
2026-04-19 22:56:21,225 | INFO | 文件已归档: D:\CodeProjects\settlement_etl\data\archive\2026-04\016081183126_2026-04-13.xlsx
2026-04-19 23:13:31,758 | INFO | 程序启动成功
2026-04-19 23:13:31,759 | INFO | 收件目录: D:\CodeProjects\settlement_etl\data\inbox
2026-04-19 23:13:31,759 | INFO | 发现文件数量: 1
2026-04-19 23:13:31,759 | INFO | 待处理文件: 016081183126_2026-04-13.xlsx
2026-04-19 23:13:31,971 | INFO | 使用解析器: CFFMCSettlementParser
2026-04-19 23:13:32,206 | INFO | 解析完成: 016081183126_2026-04-13.xlsx
2026-04-19 23:13:32,207 | INFO | 成交记录数: 29
2026-04-19 23:13:32,207 | INFO | 持仓明细数: 23
2026-04-19 23:13:32,207 | INFO | 持仓快照数: 18
2026-04-19 23:13:32,208 | INFO | 账户快照数: 1
2026-04-19 23:13:32,208 | INFO | 行权明细数: 0
2026-04-19 23:13:32,208 | INFO | 手续费校验 -> 期货: 183.05, 期权: 31.07, 行权: 1.58, 合计: 215.70, 日报: 215.7, 差额: 0.00, 是否匹配: True
2026-04-19 23:13:32,271 | INFO | 数据已写入数据库: 016081183126_2026-04-13.xlsx
2026-04-19 23:13:32,272 | INFO | 本次新增 -> 成交: 29, 持仓明细: 23, 持仓快照: 18, 账户: 1
2026-04-19 23:13:32,273 | INFO | 文件已归档: D:\CodeProjects\settlement_etl\data\archive\2026-04\016081183126_2026-04-13.xlsx
2026-04-19 23:17:24,647 | INFO | 程序启动成功
2026-04-19 23:17:24,647 | INFO | 收件目录: D:\CodeProjects\settlement_etl\data\inbox
2026-04-19 23:17:24,648 | INFO | 发现文件数量: 1
2026-04-19 23:17:24,648 | INFO | 待处理文件: 016081183126_2026-04-13.xlsx
2026-04-19 23:17:24,842 | INFO | 使用解析器: CFFMCSettlementParser
2026-04-19 23:17:25,107 | INFO | 解析完成: 016081183126_2026-04-13.xlsx
2026-04-19 23:17:25,107 | INFO | 成交记录数: 29
2026-04-19 23:17:25,107 | INFO | 持仓明细数: 23
2026-04-19 23:17:25,108 | INFO | 持仓快照数: 18
2026-04-19 23:17:25,108 | INFO | 账户快照数: 1
2026-04-19 23:17:25,108 | INFO | 行权明细数: 0
2026-04-19 23:17:25,108 | INFO | 手续费校验 -> 期货: 183.05, 期权: 31.07, 行权: 1.58, 合计: 215.70, 日报: 215.7, 差额: 0.00, 是否匹配: True
2026-04-19 23:17:25,155 | INFO | 数据已写入数据库: 016081183126_2026-04-13.xlsx
2026-04-19 23:17:25,155 | INFO | 本次新增 -> 成交: 29, 持仓明细: 23, 持仓快照: 18, 账户: 1
2026-04-19 23:17:25,156 | INFO | 文件已归档: D:\CodeProjects\settlement_etl\data\archive\2026-04\016081183126_2026-04-13.xlsx
2026-04-19 23:26:21,156 | INFO | 程序启动成功
2026-04-19 23:26:21,157 | INFO | 收件目录: D:\CodeProjects\settlement_etl\data\inbox
2026-04-19 23:26:21,157 | INFO | 发现文件数量: 1
2026-04-19 23:26:21,157 | INFO | 待处理文件: 016081183126_2026-04-13.xlsx
2026-04-19 23:26:21,355 | INFO | 使用解析器: CFFMCSettlementParser
2026-04-19 23:26:21,604 | INFO | 解析完成: 016081183126_2026-04-13.xlsx
2026-04-19 23:26:21,604 | INFO | 成交记录数: 29
2026-04-19 23:26:21,604 | INFO | 持仓明细数: 23
2026-04-19 23:26:21,605 | INFO | 持仓快照数: 18
2026-04-19 23:26:21,605 | INFO | 账户快照数: 1
2026-04-19 23:26:21,605 | INFO | 行权明细数: 0
2026-04-19 23:26:21,605 | INFO | 手续费校验 -> 期货: 183.05, 期权: 31.07, 行权: 1.58, 合计: 215.70, 日报: 215.7, 差额: 0.00, 是否匹配: True
2026-04-19 23:26:21,654 | INFO | 数据已写入数据库: 016081183126_2026-04-13.xlsx
2026-04-19 23:26:21,654 | INFO | 本次新增 -> 成交: 29, 持仓明细: 23, 持仓快照: 18, 账户: 1
2026-04-19 23:26:21,655 | INFO | 文件已归档: D:\CodeProjects\settlement_etl\data\archive\2026-04\016081183126_2026-04-13.xlsx
2026-04-20 11:04:58,021 | INFO | 程序启动成功
2026-04-20 11:04:58,022 | INFO | 收件目录: D:\CodeProjects\settlement_etl\data\inbox
2026-04-20 11:04:58,022 | INFO | 发现文件数量: 1
2026-04-20 11:04:58,022 | INFO | 待处理文件: 016081183126_2026-04-13.xlsx
2026-04-20 11:04:58,317 | INFO | 使用解析器: CFFMCSettlementParser
2026-04-20 11:04:58,567 | INFO | 解析完成: 016081183126_2026-04-13.xlsx
2026-04-20 11:04:58,567 | INFO | 成交记录数: 29
2026-04-20 11:04:58,568 | INFO | 持仓明细数: 23
2026-04-20 11:04:58,568 | INFO | 持仓快照数: 18
2026-04-20 11:04:58,568 | INFO | 账户快照数: 1
2026-04-20 11:04:58,568 | INFO | 行权明细数: 0
2026-04-20 11:04:58,568 | INFO | 手续费校验 -> 期货: 183.05, 期权: 31.07, 行权: 1.58, 合计: 215.70, 日报: 215.7, 差额: 0.00, 是否匹配: True
2026-04-20 11:04:58,617 | INFO | 数据已写入数据库: 016081183126_2026-04-13.xlsx
2026-04-20 11:04:58,618 | INFO | 本次新增 -> 成交: 29, 持仓明细: 23, 持仓快照: 18, 账户: 1
2026-04-20 11:04:58,618 | INFO | 文件已归档: D:\CodeProjects\settlement_etl\data\archive\2026-04\016081183126_2026-04-13.xlsx
2026-04-20 11:09:50,572 | INFO | 程序启动成功
2026-04-20 11:09:50,573 | INFO | 收件目录: D:\CodeProjects\settlement_etl\data\inbox
2026-04-20 11:09:50,573 | INFO | 发现文件数量: 1
2026-04-20 11:09:50,573 | INFO | 待处理文件: 016081183126_2026-04-13.xlsx
2026-04-20 11:09:50,773 | INFO | 使用解析器: CFFMCSettlementParser
2026-04-20 11:09:51,053 | INFO | 解析完成: 016081183126_2026-04-13.xlsx
2026-04-20 11:09:51,053 | INFO | 成交记录数: 29
2026-04-20 11:09:51,054 | INFO | 持仓明细数: 23
2026-04-20 11:09:51,054 | INFO | 持仓快照数: 18
2026-04-20 11:09:51,054 | INFO | 账户快照数: 1
2026-04-20 11:09:51,054 | INFO | 行权明细数: 1
2026-04-20 11:09:51,055 | INFO | 手续费校验 -> 期货: 183.05, 期权: 31.07, 行权: 1.58, 合计: 215.70, 日报: 215.7, 差额: 0.00, 是否匹配: True
2026-04-20 11:09:51,105 | INFO | 数据已写入数据库: 016081183126_2026-04-13.xlsx
2026-04-20 11:09:51,105 | INFO | 本次新增 -> 成交: 29, 持仓明细: 23, 持仓快照: 18, 账户: 1
2026-04-20 11:09:51,106 | INFO | 文件已归档: D:\CodeProjects\settlement_etl\data\archive\2026-04\016081183126_2026-04-13.xlsx
2026-04-20 11:13:54,478 | INFO | 程序启动成功
2026-04-20 11:13:54,479 | INFO | 收件目录: D:\CodeProjects\settlement_etl\data\inbox
2026-04-20 11:13:54,479 | INFO | 发现文件数量: 1
2026-04-20 11:13:54,479 | INFO | 待处理文件: 016081183126_2026-04-13.xlsx
2026-04-20 11:13:54,488 | INFO | 跳过已处理文件: 016081183126_2026-04-13.xlsx
2026-04-20 11:13:54,489 | INFO | 已处理文件已归档: D:\CodeProjects\settlement_etl\data\archive\2026-04\016081183126_2026-04-13.xlsx
2026-04-20 11:14:23,105 | INFO | 程序启动成功
2026-04-20 11:14:23,105 | INFO | 收件目录: D:\CodeProjects\settlement_etl\data\inbox
2026-04-20 11:14:23,106 | INFO | 发现文件数量: 1
2026-04-20 11:14:23,106 | INFO | 待处理文件: 016081183126_2026-04-13.xlsx
2026-04-20 11:14:23,301 | INFO | 使用解析器: CFFMCSettlementParser
2026-04-20 11:14:23,592 | INFO | 解析完成: 016081183126_2026-04-13.xlsx
2026-04-20 11:14:23,592 | INFO | 成交记录数: 29
2026-04-20 11:14:23,592 | INFO | 持仓明细数: 23
2026-04-20 11:14:23,592 | INFO | 持仓快照数: 18
2026-04-20 11:14:23,593 | INFO | 账户快照数: 1
2026-04-20 11:14:23,593 | INFO | 行权明细数: 1
2026-04-20 11:14:23,593 | INFO | 手续费校验 -> 期货: 183.05, 期权: 31.07, 行权: 1.58, 合计: 215.70, 日报: 215.7, 差额: 0.00, 是否匹配: True
2026-04-20 11:14:23,659 | INFO | 数据已写入数据库: 016081183126_2026-04-13.xlsx
2026-04-20 11:14:23,659 | INFO | 本次新增 -> 成交: 29, 持仓明细: 23, 持仓快照: 18, 账户: 1
2026-04-20 11:14:23,660 | INFO | 文件已归档: D:\CodeProjects\settlement_etl\data\archive\2026-04\016081183126_2026-04-13.xlsx
2026-04-20 16:03:05,896 | INFO | 程序启动成功
2026-04-20 16:03:05,896 | INFO | 收件目录: D:\CodeProjects\settlement_etl\data\inbox
2026-04-20 16:03:05,897 | INFO | 发现文件数量: 1
2026-04-20 16:03:05,897 | INFO | 待处理文件: 016081183126_2026-04-13.xlsx
2026-04-20 16:03:06,106 | INFO | 使用解析器: CFFMCSettlementParser
2026-04-20 16:03:06,373 | INFO | 解析完成: 016081183126_2026-04-13.xlsx
2026-04-20 16:03:06,373 | INFO | 成交记录数: 29
2026-04-20 16:03:06,373 | INFO | 持仓明细数: 23
2026-04-20 16:03:06,373 | INFO | 持仓快照数: 18
2026-04-20 16:03:06,374 | INFO | 账户快照数: 1
2026-04-20 16:03:06,374 | INFO | 行权明细数: 1
2026-04-20 16:03:06,374 | INFO | 手续费校验 -> 期货: 183.05, 期权: 31.07, 行权: 1.58, 合计: 215.70, 日报: 215.7, 差额: 0.00, 是否匹配: True
2026-04-20 16:03:06,425 | INFO | 数据已写入数据库: 016081183126_2026-04-13.xlsx
2026-04-20 16:03:06,426 | INFO | 本次新增 -> 成交: 29, 持仓明细: 23, 持仓快照: 18, 账户: 1
2026-04-20 16:03:06,426 | INFO | 文件已归档: D:\CodeProjects\settlement_etl\data\archive\2026-04\016081183126_2026-04-13.xlsx
